2024-01-30 18:19:15,421 - INFO - Training configurations:
2024-01-30 18:19:15,421 - INFO - DATA: smeared_gaussians
2024-01-30 18:19:15,421 - INFO - features: ['x', 'y']
2024-01-30 18:19:15,422 - INFO - num_points: 37500
2024-01-30 18:19:15,422 - INFO - dim_input: 2
2024-01-30 18:19:15,422 - INFO - noise_cov: [[0.1, 0], [0, 1]]
2024-01-30 18:19:15,422 - INFO - preprocess: []
2024-01-30 18:19:15,422 - INFO - cuts: {'x': [-inf, inf], 'y': [-inf, inf]}
2024-01-30 18:19:15,422 - INFO - DEVICE: cpu
2024-01-30 18:19:15,422 - INFO - optimizer: Adam
2024-01-30 18:19:15,422 - INFO - lr: 0.0001
2024-01-30 18:19:15,422 - INFO - weight_decay: 1e-05
2024-01-30 18:19:15,422 - INFO - optimizer_betas: [0.9, 0.999]
2024-01-30 18:19:15,422 - INFO - optimizer_eps: 1e-08
2024-01-30 18:19:15,422 - INFO - optimizer_amsgrad: False
2024-01-30 18:19:15,422 - INFO - gradient_clip: None
2024-01-30 18:19:15,422 - INFO - scheduler: None
2024-01-30 18:19:15,422 - INFO - scheduler_T_max: None
2024-01-30 18:19:15,422 - INFO - scheduler_eta_min: None
2024-01-30 18:19:15,422 - INFO - scheduler_gamma: None
2024-01-30 18:19:15,422 - INFO - scheduler_step_size: None
2024-01-30 18:19:15,422 - INFO - EPOCHS: 100
2024-01-30 18:19:15,422 - INFO - batch_size: 512
2024-01-30 18:19:15,422 - INFO - data_split_fracs: [0.8, 0.2, 0.0]
2024-01-30 18:19:15,422 - INFO - num_workers: 8
2024-01-30 18:19:15,422 - INFO - pin_memory: True
2024-01-30 18:19:15,422 - INFO - early_stopping: None
2024-01-30 18:19:15,422 - INFO - min_epochs: None
2024-01-30 18:19:15,422 - INFO - print_epochs: 2
2024-01-30 18:19:15,422 - INFO - fix_seed: None
2024-01-30 18:19:15,422 - INFO - MODEL: MAF_RQS
2024-01-30 18:19:15,422 - INFO - dim_hidden: 16
2024-01-30 18:19:15,422 - INFO - num_blocks: 2
2024-01-30 18:19:15,422 - INFO - use_residual_blocks: False
2024-01-30 18:19:15,422 - INFO - dropout: 0.0
2024-01-30 18:19:15,422 - INFO - use_batch_norm: False
2024-01-30 18:19:15,422 - INFO - num_bins: 10
2024-01-30 18:19:15,422 - INFO - tails: linear
2024-01-30 18:19:15,422 - INFO - tail_bound: 10
2024-01-30 18:19:15,422 - INFO - DYNAMICS: DeconvolutionNormFlow
2024-01-30 18:19:15,422 - INFO - permutation: 1-cycle
2024-01-30 18:19:15,422 - INFO - num_transforms: 5
2024-01-30 18:19:15,422 - INFO - num_mc_draws: 50
2024-01-30 18:19:15,422 - INFO - SAMPLER: nflows
2024-01-30 18:19:15,422 - INFO - num_gen_samples: 1000
2024-01-30 18:19:15,422 - INFO - number of training parameters: 9468
2024-01-30 18:19:15,423 - INFO - start training...
2024-01-30 18:19:19,356 - INFO - 	Epoch: 0, train loss: 9.57330201035839, valid loss: 8.499877897898356  (min valid loss: 8.499877897898356)
2024-01-30 18:19:22,904 - INFO - 	Epoch: 1, train loss: 7.878768169273764, valid loss: 7.332041136423747  (min valid loss: 7.332041136423747)
2024-01-30 18:19:26,728 - INFO - 	Epoch: 2, train loss: 6.9388463699211504, valid loss: 6.5880829493204764  (min valid loss: 6.5880829493204764)
2024-01-30 18:19:30,280 - INFO - 	Epoch: 3, train loss: 6.2601452277878575, valid loss: 5.950788402557373  (min valid loss: 5.950788402557373)
2024-01-30 18:19:33,901 - INFO - 	Epoch: 4, train loss: 5.636083619069244, valid loss: 5.343872674306234  (min valid loss: 5.343872674306234)
2024-01-30 18:19:37,414 - INFO - 	Epoch: 5, train loss: 5.006766779948089, valid loss: 4.692706235249837  (min valid loss: 4.692706235249837)
2024-01-30 18:19:41,067 - INFO - 	Epoch: 6, train loss: 4.42905987723399, valid loss: 4.2432431221008295  (min valid loss: 4.2432431221008295)
2024-01-30 18:19:44,628 - INFO - 	Epoch: 7, train loss: 4.1092829987154165, valid loss: 4.0292829990386965  (min valid loss: 4.0292829990386965)
2024-01-30 18:19:48,347 - INFO - 	Epoch: 8, train loss: 3.9551659681029245, valid loss: 3.9196000734965004  (min valid loss: 3.9196000734965004)
2024-01-30 18:19:51,932 - INFO - 	Epoch: 9, train loss: 3.867962715989452, valid loss: 3.8502108573913576  (min valid loss: 3.8502108573913576)
2024-01-30 18:19:55,663 - INFO - 	Epoch: 10, train loss: 3.811459682755552, valid loss: 3.8030626614888505  (min valid loss: 3.8030626614888505)
2024-01-30 18:19:59,241 - INFO - 	Epoch: 11, train loss: 3.7722046819783888, valid loss: 3.770467329025269  (min valid loss: 3.770467329025269)
2024-01-30 18:20:02,927 - INFO - 	Epoch: 12, train loss: 3.7437731371087537, valid loss: 3.7444095929463703  (min valid loss: 3.7444095929463703)
2024-01-30 18:20:06,443 - INFO - 	Epoch: 13, train loss: 3.719599315675639, valid loss: 3.7240278561909994  (min valid loss: 3.7240278561909994)
2024-01-30 18:20:10,193 - INFO - 	Epoch: 14, train loss: 3.7022688025135104, valid loss: 3.708646996815999  (min valid loss: 3.708646996815999)
2024-01-30 18:20:13,737 - INFO - 	Epoch: 15, train loss: 3.6869889720011564, valid loss: 3.696328544616699  (min valid loss: 3.696328544616699)
2024-01-30 18:20:17,490 - INFO - 	Epoch: 16, train loss: 3.6758628376459668, valid loss: 3.6866104284922283  (min valid loss: 3.6866104284922283)
2024-01-30 18:20:21,042 - INFO - 	Epoch: 17, train loss: 3.6676484528234448, valid loss: 3.6787747542063394  (min valid loss: 3.6787747542063394)
2024-01-30 18:20:24,773 - INFO - 	Epoch: 18, train loss: 3.6605520652512387, valid loss: 3.672510862350464  (min valid loss: 3.672510862350464)
2024-01-30 18:20:28,440 - INFO - 	Epoch: 19, train loss: 3.654821416078989, valid loss: 3.6677007993062336  (min valid loss: 3.6677007993062336)
2024-01-30 18:20:32,212 - INFO - 	Epoch: 20, train loss: 3.64985612691459, valid loss: 3.663567924499512  (min valid loss: 3.663567924499512)
2024-01-30 18:20:35,832 - INFO - 	Epoch: 21, train loss: 3.6469911761203053, valid loss: 3.6605165958404537  (min valid loss: 3.6605165958404537)
2024-01-30 18:20:39,525 - INFO - 	Epoch: 22, train loss: 3.6427500934924097, valid loss: 3.6578475316365564  (min valid loss: 3.6578475316365564)
2024-01-30 18:20:43,098 - INFO - 	Epoch: 23, train loss: 3.6399633359100867, valid loss: 3.6553359985351563  (min valid loss: 3.6553359985351563)
2024-01-30 18:20:46,779 - INFO - 	Epoch: 24, train loss: 3.637031336962166, valid loss: 3.6531849225362145  (min valid loss: 3.6531849225362145)
2024-01-30 18:20:50,447 - INFO - 	Epoch: 25, train loss: 3.635997574208145, valid loss: 3.6512440522511804  (min valid loss: 3.6512440522511804)
2024-01-30 18:20:54,177 - INFO - 	Epoch: 26, train loss: 3.633475703708195, valid loss: 3.6492434342702227  (min valid loss: 3.6492434342702227)
2024-01-30 18:20:57,785 - INFO - 	Epoch: 27, train loss: 3.6310280379602475, valid loss: 3.6480540911356614  (min valid loss: 3.6480540911356614)
2024-01-30 18:21:01,600 - INFO - 	Epoch: 28, train loss: 3.6294737145052105, valid loss: 3.6460963408152267  (min valid loss: 3.6460963408152267)
2024-01-30 18:21:05,262 - INFO - 	Epoch: 29, train loss: 3.6275880417581323, valid loss: 3.6447598298390704  (min valid loss: 3.6447598298390704)
2024-01-30 18:21:09,164 - INFO - 	Epoch: 30, train loss: 3.625959016508976, valid loss: 3.64362998008728  (min valid loss: 3.64362998008728)
2024-01-30 18:21:12,819 - INFO - 	Epoch: 31, train loss: 3.625534659725125, valid loss: 3.6424671808878584  (min valid loss: 3.6424671808878584)
2024-01-30 18:21:16,586 - INFO - 	Epoch: 32, train loss: 3.6239587694911646, valid loss: 3.6419674396514887  (min valid loss: 3.6419674396514887)
2024-01-30 18:21:20,245 - INFO - 	Epoch: 33, train loss: 3.6229975789280267, valid loss: 3.640887562433879  (min valid loss: 3.640887562433879)
2024-01-30 18:21:24,026 - INFO - 	Epoch: 34, train loss: 3.622818825608593, valid loss: 3.639261945088704  (min valid loss: 3.639261945088704)
2024-01-30 18:21:27,590 - INFO - 	Epoch: 35, train loss: 3.6212118076065836, valid loss: 3.6387051423390706  (min valid loss: 3.6387051423390706)
2024-01-30 18:21:31,298 - INFO - 	Epoch: 36, train loss: 3.620306685819464, valid loss: 3.637594906489054  (min valid loss: 3.637594906489054)
2024-01-30 18:21:34,820 - INFO - 	Epoch: 37, train loss: 3.6197030180591647, valid loss: 3.6370794773101807  (min valid loss: 3.6370794773101807)
2024-01-30 18:21:38,483 - INFO - 	Epoch: 38, train loss: 3.6194303076146004, valid loss: 3.6369500478108723  (min valid loss: 3.6369500478108723)
2024-01-30 18:21:42,094 - INFO - 	Epoch: 39, train loss: 3.6190992654380154, valid loss: 3.6363114992777503  (min valid loss: 3.6363114992777503)
2024-01-30 18:21:45,837 - INFO - 	Epoch: 40, train loss: 3.618096788050764, valid loss: 3.6353934605916347  (min valid loss: 3.6353934605916347)
2024-01-30 18:21:49,460 - INFO - 	Epoch: 41, train loss: 3.6171554428035932, valid loss: 3.6344362258911134  (min valid loss: 3.6344362258911134)
2024-01-30 18:21:53,262 - INFO - 	Epoch: 42, train loss: 3.6174994161573513, valid loss: 3.634052419662476  (min valid loss: 3.634052419662476)
2024-01-30 18:21:56,894 - INFO - 	Epoch: 43, train loss: 3.616963628995216, valid loss: 3.633955669403076  (min valid loss: 3.633955669403076)
2024-01-30 18:22:00,750 - INFO - 	Epoch: 44, train loss: 3.6159538212469085, valid loss: 3.6336163838704425  (min valid loss: 3.6336163838704425)
2024-01-30 18:22:04,495 - INFO - 	Epoch: 45, train loss: 3.6152295743004754, valid loss: 3.6328741868337002  (min valid loss: 3.6328741868337002)
2024-01-30 18:22:08,407 - INFO - 	Epoch: 46, train loss: 3.6145227036233676, valid loss: 3.632840998967489  (min valid loss: 3.632840998967489)
2024-01-30 18:22:12,063 - INFO - 	Epoch: 47, train loss: 3.613737967054724, valid loss: 3.632164319356283  (min valid loss: 3.632164319356283)
2024-01-30 18:22:15,889 - INFO - 	Epoch: 48, train loss: 3.613146765757415, valid loss: 3.6316869576772053  (min valid loss: 3.6316869576772053)
2024-01-30 18:22:19,565 - INFO - 	Epoch: 49, train loss: 3.6135509983967933, valid loss: 3.631278769175212  (min valid loss: 3.631278769175212)
2024-01-30 18:22:23,434 - INFO - 	Epoch: 50, train loss: 3.613193051289702, valid loss: 3.630795780817668  (min valid loss: 3.630795780817668)
2024-01-30 18:22:27,183 - INFO - 	Epoch: 51, train loss: 3.612373226780002, valid loss: 3.6303139050801594  (min valid loss: 3.6303139050801594)
2024-01-30 18:22:30,959 - INFO - 	Epoch: 52, train loss: 3.6122055579040016, valid loss: 3.6299526850382486  (min valid loss: 3.6299526850382486)
2024-01-30 18:22:34,649 - INFO - 	Epoch: 53, train loss: 3.611352621498755, valid loss: 3.6302757422129313  (min valid loss: 3.6299526850382486)
2024-01-30 18:22:38,380 - INFO - 	Epoch: 54, train loss: 3.6116363436488785, valid loss: 3.6292568365732834  (min valid loss: 3.6292568365732834)
2024-01-30 18:22:42,051 - INFO - 	Epoch: 55, train loss: 3.6119475485914854, valid loss: 3.6289698918660482  (min valid loss: 3.6289698918660482)
2024-01-30 18:22:45,867 - INFO - 	Epoch: 56, train loss: 3.610882136781337, valid loss: 3.6285380522410073  (min valid loss: 3.6285380522410073)
2024-01-30 18:22:49,539 - INFO - 	Epoch: 57, train loss: 3.610513416387266, valid loss: 3.6285257657368977  (min valid loss: 3.6285257657368977)
2024-01-30 18:22:53,310 - INFO - 	Epoch: 58, train loss: 3.6103193274999072, valid loss: 3.6283100763956706  (min valid loss: 3.6283100763956706)
2024-01-30 18:22:56,963 - INFO - 	Epoch: 59, train loss: 3.610016208584026, valid loss: 3.6281603813171386  (min valid loss: 3.6281603813171386)
2024-01-30 18:23:00,777 - INFO - 	Epoch: 60, train loss: 3.6105714894957455, valid loss: 3.6276095708211265  (min valid loss: 3.6276095708211265)
2024-01-30 18:23:04,341 - INFO - 	Epoch: 61, train loss: 3.6098750890311546, valid loss: 3.62720193862915  (min valid loss: 3.62720193862915)
2024-01-30 18:23:08,067 - INFO - 	Epoch: 62, train loss: 3.6089648149781306, valid loss: 3.6276366710662846  (min valid loss: 3.62720193862915)
2024-01-30 18:23:11,660 - INFO - 	Epoch: 63, train loss: 3.6095037177457643, valid loss: 3.6269219239552815  (min valid loss: 3.6269219239552815)
2024-01-30 18:23:15,411 - INFO - 	Epoch: 64, train loss: 3.6087075694132658, valid loss: 3.626812823613485  (min valid loss: 3.626812823613485)
2024-01-30 18:23:19,025 - INFO - 	Epoch: 65, train loss: 3.6085137189444834, valid loss: 3.6266792456309007  (min valid loss: 3.6266792456309007)
2024-01-30 18:23:22,792 - INFO - 	Epoch: 66, train loss: 3.6083639839948227, valid loss: 3.626386006673177  (min valid loss: 3.626386006673177)
2024-01-30 18:23:26,480 - INFO - 	Epoch: 67, train loss: 3.6081436448178055, valid loss: 3.6260435899098713  (min valid loss: 3.6260435899098713)
2024-01-30 18:23:30,188 - INFO - 	Epoch: 68, train loss: 3.607792183504267, valid loss: 3.6264000892639165  (min valid loss: 3.6260435899098713)
2024-01-30 18:23:33,793 - INFO - 	Epoch: 69, train loss: 3.607234304234133, valid loss: 3.6262111028035475  (min valid loss: 3.6260435899098713)
2024-01-30 18:23:37,598 - INFO - 	Epoch: 70, train loss: 3.607213016283714, valid loss: 3.625384060541789  (min valid loss: 3.625384060541789)
2024-01-30 18:23:41,430 - INFO - 	Epoch: 71, train loss: 3.6069010677984203, valid loss: 3.625403340657552  (min valid loss: 3.625384060541789)
2024-01-30 18:23:45,266 - INFO - 	Epoch: 72, train loss: 3.607230824939276, valid loss: 3.6257509867350266  (min valid loss: 3.625384060541789)
2024-01-30 18:23:48,934 - INFO - 	Epoch: 73, train loss: 3.6073604559494283, valid loss: 3.6250598589579264  (min valid loss: 3.6250598589579264)
2024-01-30 18:23:52,789 - INFO - 	Epoch: 74, train loss: 3.6065779742548014, valid loss: 3.6246708552042644  (min valid loss: 3.6246708552042644)
2024-01-30 18:23:56,506 - INFO - 	Epoch: 75, train loss: 3.6068213672961225, valid loss: 3.6264315287272133  (min valid loss: 3.6246708552042644)
2024-01-30 18:24:00,316 - INFO - 	Epoch: 76, train loss: 3.605962304745691, valid loss: 3.624808438618978  (min valid loss: 3.6246708552042644)
2024-01-30 18:24:03,967 - INFO - 	Epoch: 77, train loss: 3.606454651234513, valid loss: 3.6244792779286708  (min valid loss: 3.6244792779286708)
2024-01-30 18:24:07,721 - INFO - 	Epoch: 78, train loss: 3.605997829113976, valid loss: 3.6243144671122236  (min valid loss: 3.6243144671122236)
2024-01-30 18:24:11,418 - INFO - 	Epoch: 79, train loss: 3.6060168419854106, valid loss: 3.6243295033772784  (min valid loss: 3.6243144671122236)
2024-01-30 18:24:15,221 - INFO - 	Epoch: 80, train loss: 3.605882919440836, valid loss: 3.6239487330118814  (min valid loss: 3.6239487330118814)
2024-01-30 18:24:18,848 - INFO - 	Epoch: 81, train loss: 3.605645195912506, valid loss: 3.624619706471761  (min valid loss: 3.6239487330118814)
2024-01-30 18:24:22,590 - INFO - 	Epoch: 82, train loss: 3.606373766721305, valid loss: 3.6235056559244785  (min valid loss: 3.6235056559244785)
2024-01-30 18:24:26,222 - INFO - 	Epoch: 83, train loss: 3.605480230460733, valid loss: 3.6238039334615073  (min valid loss: 3.6235056559244785)
2024-01-30 18:24:30,052 - INFO - 	Epoch: 84, train loss: 3.604918378894612, valid loss: 3.6237292448679606  (min valid loss: 3.6235056559244785)
2024-01-30 18:24:33,636 - INFO - 	Epoch: 85, train loss: 3.605395450430401, valid loss: 3.623807128270467  (min valid loss: 3.6235056559244785)
2024-01-30 18:24:37,578 - INFO - 	Epoch: 86, train loss: 3.605470859398275, valid loss: 3.6235965092976894  (min valid loss: 3.6235056559244785)
2024-01-30 18:24:41,179 - INFO - 	Epoch: 87, train loss: 3.604427212375706, valid loss: 3.6235619386037192  (min valid loss: 3.6235056559244785)
2024-01-30 18:24:44,893 - INFO - 	Epoch: 88, train loss: 3.6048866894285543, valid loss: 3.623539304733276  (min valid loss: 3.6235056559244785)
2024-01-30 18:24:48,448 - INFO - 	Epoch: 89, train loss: 3.60459972236116, valid loss: 3.6237149556477863  (min valid loss: 3.6235056559244785)
2024-01-30 18:24:52,174 - INFO - 	Epoch: 90, train loss: 3.605093871132803, valid loss: 3.623586670557658  (min valid loss: 3.6235056559244785)
2024-01-30 18:24:55,753 - INFO - 	Epoch: 91, train loss: 3.6041808249586715, valid loss: 3.623755598068237  (min valid loss: 3.6235056559244785)
2024-01-30 18:24:59,508 - INFO - 	Epoch: 92, train loss: 3.6047626996444455, valid loss: 3.6229278882344564  (min valid loss: 3.6229278882344564)
2024-01-30 18:25:03,211 - INFO - 	Epoch: 93, train loss: 3.6040086382526457, valid loss: 3.6225724379221598  (min valid loss: 3.6225724379221598)
2024-01-30 18:25:06,860 - INFO - 	Epoch: 94, train loss: 3.603799209756366, valid loss: 3.623690446217855  (min valid loss: 3.6225724379221598)
2024-01-30 18:25:10,495 - INFO - 	Epoch: 95, train loss: 3.604218006134033, valid loss: 3.622672208150228  (min valid loss: 3.6225724379221598)
2024-01-30 18:25:14,233 - INFO - 	Epoch: 96, train loss: 3.60372294005701, valid loss: 3.622441418965657  (min valid loss: 3.622441418965657)
2024-01-30 18:25:17,967 - INFO - 	Epoch: 97, train loss: 3.603906599141784, valid loss: 3.6222385724385577  (min valid loss: 3.6222385724385577)
2024-01-30 18:25:21,811 - INFO - 	Epoch: 98, train loss: 3.6042165594585875, valid loss: 3.6226915677388503  (min valid loss: 3.6222385724385577)
2024-01-30 18:25:25,443 - INFO - 	Epoch: 99, train loss: 3.6034303317635747, valid loss: 3.622230450312297  (min valid loss: 3.622230450312297)
